{"level":"DEBUG","time":"2022-05-12T22:43:59.784+0800","caller":"webapp-scaffold/main.go:35","msg":"logger init success!!!"}
{"level":"ERROR","time":"2022-05-12T22:43:59.792+0800","caller":"mysql/mysql.go:25","msg":"connect DB failed","error":"Error 1045: Access denied for user 'admin'@'localhost' (using password: YES)"}
{"level":"ERROR","time":"2022-05-12T22:43:59.796+0800","caller":"webapp-scaffold/main.go:57","msg":"listen failed","error":"listen tcp: address 8081: missing port in address"}
{"level":"INFO","time":"2022-05-12T22:44:33.004+0800","caller":"webapp-scaffold/main.go:70","msg":"shutdown server..."}
{"level":"INFO","time":"2022-05-12T22:44:33.004+0800","caller":"webapp-scaffold/main.go:78","msg":"server exiting"}
{"level":"DEBUG","time":"2022-05-12T22:45:06.263+0800","caller":"webapp-scaffold/main.go:35","msg":"logger init success!!!"}
{"level":"ERROR","time":"2022-05-12T22:45:06.266+0800","caller":"mysql/mysql.go:25","msg":"connect DB failed","error":"Error 1045: Access denied for user 'admin'@'localhost' (using password: YES)"}
{"level":"ERROR","time":"2022-05-12T22:45:06.267+0800","caller":"webapp-scaffold/main.go:57","msg":"listen failed","error":"listen tcp: address 8081: missing port in address"}
{"level":"INFO","time":"2022-05-12T22:47:16.100+0800","caller":"webapp-scaffold/main.go:70","msg":"shutdown server..."}
{"level":"INFO","time":"2022-05-12T22:47:16.100+0800","caller":"webapp-scaffold/main.go:78","msg":"server exiting"}
{"level":"DEBUG","time":"2022-05-12T22:47:50.128+0800","caller":"webapp-scaffold/main.go:35","msg":"logger init success!!!"}
{"level":"ERROR","time":"2022-05-12T22:47:50.131+0800","caller":"mysql/mysql.go:25","msg":"connect DB failed","error":"Error 1045: Access denied for user 'admin'@'localhost' (using password: YES)"}
{"level":"ERROR","time":"2022-05-12T22:47:50.132+0800","caller":"webapp-scaffold/main.go:57","msg":"listen failed","error":"listen tcp: address 8081: missing port in address"}
{"level":"INFO","time":"2022-05-12T22:48:24.887+0800","caller":"webapp-scaffold/main.go:70","msg":"shutdown server..."}
{"level":"INFO","time":"2022-05-12T22:48:24.888+0800","caller":"webapp-scaffold/main.go:78","msg":"server exiting"}
{"level":"DEBUG","time":"2022-05-12T22:48:40.540+0800","caller":"webapp-scaffold/main.go:34","msg":"logger init success!!!"}
{"level":"ERROR","time":"2022-05-12T22:48:40.542+0800","caller":"webapp-scaffold/main.go:56","msg":"listen failed","error":"listen tcp: address 8081: missing port in address"}
{"level":"INFO","time":"2022-05-12T22:51:16.782+0800","caller":"webapp-scaffold/main.go:69","msg":"shutdown server..."}
{"level":"INFO","time":"2022-05-12T22:51:16.782+0800","caller":"webapp-scaffold/main.go:77","msg":"server exiting"}
{"level":"DEBUG","time":"2022-05-12T22:51:23.339+0800","caller":"webapp-scaffold/main.go:34","msg":"logger init success!!!"}
{"level":"INFO","time":"2022-05-12T22:51:23.341+0800","caller":"webapp-scaffold/main.go:52","msg":"8081"}
{"level":"ERROR","time":"2022-05-12T22:51:23.341+0800","caller":"webapp-scaffold/main.go:57","msg":"listen failed","error":"listen tcp: address 8081: missing port in address"}
{"level":"INFO","time":"2022-05-12T22:54:35.807+0800","caller":"webapp-scaffold/main.go:70","msg":"shutdown server..."}
{"level":"INFO","time":"2022-05-12T22:54:35.807+0800","caller":"webapp-scaffold/main.go:78","msg":"server exiting"}
{"level":"DEBUG","time":"2022-05-12T22:54:44.773+0800","caller":"webapp-scaffold/main.go:34","msg":"logger init success!!!"}
{"level":"INFO","time":"2022-05-12T22:54:44.776+0800","caller":"webapp-scaffold/main.go:52","msg":"8081"}
{"level":"ERROR","time":"2022-05-12T22:54:44.776+0800","caller":"webapp-scaffold/main.go:57","msg":"listen failed","error":"listen tcp: address 8081: missing port in address"}
{"level":"INFO","time":"2022-05-12T22:55:17.048+0800","caller":"webapp-scaffold/main.go:70","msg":"shutdown server..."}
{"level":"INFO","time":"2022-05-12T22:55:17.049+0800","caller":"webapp-scaffold/main.go:78","msg":"server exiting"}
{"level":"DEBUG","time":"2022-05-12T22:55:32.325+0800","caller":"webapp-scaffold/main.go:34","msg":"logger init success!!!"}
{"level":"INFO","time":"2022-05-12T22:55:32.327+0800","caller":"webapp-scaffold/main.go:52","msg":":8081"}
{"level":"INFO","time":"2022-05-12T22:55:37.646+0800","caller":"logger/logger.go:72","msg":"/index","status":200,"method":"GET","path":"/index","query":"","ip":"::1","user-agent":"Mozilla/5.0 (Windows NT 10.0; Win64; x64) AppleWebKit/537.36 (KHTML, like Gecko) Chrome/101.0.4951.64 Safari/537.36","error":"","cost":0.0007902}
{"level":"INFO","time":"2022-05-12T22:55:38.053+0800","caller":"logger/logger.go:72","msg":"/favicon.ico","status":404,"method":"GET","path":"/favicon.ico","query":"","ip":"::1","user-agent":"Mozilla/5.0 (Windows NT 10.0; Win64; x64) AppleWebKit/537.36 (KHTML, like Gecko) Chrome/101.0.4951.64 Safari/537.36","error":"","cost":0}
{"level":"INFO","time":"2022-05-12T22:56:06.086+0800","caller":"logger/logger.go:72","msg":"/index1","status":404,"method":"GET","path":"/index1","query":"","ip":"::1","user-agent":"Mozilla/5.0 (Windows NT 10.0; Win64; x64) AppleWebKit/537.36 (KHTML, like Gecko) Chrome/101.0.4951.64 Safari/537.36","error":"","cost":0}
{"level":"INFO","time":"2022-05-12T22:58:22.981+0800","caller":"webapp-scaffold/main.go:70","msg":"shutdown server..."}
{"level":"INFO","time":"2022-05-12T22:58:22.990+0800","caller":"webapp-scaffold/main.go:78","msg":"server exiting"}
{"level":"DEBUG","time":"2022-05-14T19:05:58.413+0800","caller":"webapp-scaffold/main.go:32","msg":"logger init success!!!"}
{"level":"INFO","time":"2022-05-14T19:05:58.416+0800","caller":"webapp-scaffold/main.go:50","msg":":0"}
{"level":"INFO","time":"2022-05-14T19:09:29.456+0800","caller":"webapp-scaffold/main.go:68","msg":"shutdown server..."}
{"level":"INFO","time":"2022-05-14T19:09:29.463+0800","caller":"webapp-scaffold/main.go:76","msg":"server exiting"}
{"level":"DEBUG","time":"2022-05-14T19:09:36.636+0800","caller":"webapp-scaffold/main.go:32","msg":"logger init success!!!"}
{"level":"INFO","time":"2022-05-14T19:09:36.639+0800","caller":"webapp-scaffold/main.go:50","msg":":8081"}
{"level":"INFO","time":"2022-05-14T19:09:42.889+0800","caller":"logger/logger.go:71","msg":"/index","status":200,"method":"GET","path":"/index","query":"","ip":"::1","user-agent":"Mozilla/5.0 (Windows NT 10.0; Win64; x64) AppleWebKit/537.36 (KHTML, like Gecko) Chrome/101.0.4951.67 Safari/537.36","error":"","cost":0.0008689}
{"level":"INFO","time":"2022-05-14T19:09:46.054+0800","caller":"logger/logger.go:71","msg":"/favicon.ico","status":404,"method":"GET","path":"/favicon.ico","query":"","ip":"::1","user-agent":"Mozilla/5.0 (Windows NT 10.0; Win64; x64) AppleWebKit/537.36 (KHTML, like Gecko) Chrome/101.0.4951.67 Safari/537.36","error":"","cost":0}
